0 info it worked if it ends with ok
1 verbose cli [ '/home/zeroxys/.nvm/versions/node/v7.7.0/bin/node',
1 verbose cli   '/home/zeroxys/.nvm/versions/node/v7.7.0/bin/npm',
1 verbose cli   'install',
1 verbose cli   'startbootstrap-creative' ]
2 info using npm@4.1.2
3 info using node@v7.7.0
4 silly loadCurrentTree Starting
5 silly install loadCurrentTree
6 silly install readLocalPackageData
7 silly fetchPackageMetaData startbootstrap-creative
8 silly fetchNamedPackageData startbootstrap-creative
9 silly mapToRegistry name startbootstrap-creative
10 silly mapToRegistry using default registry
11 silly mapToRegistry registry https://registry.npmjs.org/
12 silly mapToRegistry data Result {
12 silly mapToRegistry   raw: 'startbootstrap-creative',
12 silly mapToRegistry   scope: null,
12 silly mapToRegistry   escapedName: 'startbootstrap-creative',
12 silly mapToRegistry   name: 'startbootstrap-creative',
12 silly mapToRegistry   rawSpec: '',
12 silly mapToRegistry   spec: 'latest',
12 silly mapToRegistry   type: 'tag' }
13 silly mapToRegistry uri https://registry.npmjs.org/startbootstrap-creative
14 verbose request uri https://registry.npmjs.org/startbootstrap-creative
15 verbose request no auth needed
16 info attempt registry request try #1 at 9:18:05 PM
17 verbose request id 3fd40cb3289e66db
18 http request GET https://registry.npmjs.org/startbootstrap-creative
19 http 200 https://registry.npmjs.org/startbootstrap-creative
20 verbose headers { 'content-type': 'application/json; charset=UTF-8',
20 verbose headers   server: 'UploadServer',
20 verbose headers   'cache-control': 'max-age=300',
20 verbose headers   'last-modified': 'Tue, 17 Oct 2017 17:57:44 GMT',
20 verbose headers   etag: '"59e64498-22d2"',
20 verbose headers   'content-encoding': 'gzip',
20 verbose headers   'content-length': '2664',
20 verbose headers   'accept-ranges': 'bytes',
20 verbose headers   date: 'Sat, 23 Dec 2017 04:18:06 GMT',
20 verbose headers   via: '1.1 varnish',
20 verbose headers   age: '0',
20 verbose headers   connection: 'keep-alive',
20 verbose headers   'x-served-by': 'cache-lax8635-LAX',
20 verbose headers   'x-cache': 'MISS',
20 verbose headers   'x-cache-hits': '0',
20 verbose headers   'x-timer': 'S1514002686.117153,VS0,VE207',
20 verbose headers   vary: 'Accept-Encoding, Accept' }
21 silly get cb [ 200,
21 silly get   { 'content-type': 'application/json; charset=UTF-8',
21 silly get     server: 'UploadServer',
21 silly get     'cache-control': 'max-age=300',
21 silly get     'last-modified': 'Tue, 17 Oct 2017 17:57:44 GMT',
21 silly get     etag: '"59e64498-22d2"',
21 silly get     'content-encoding': 'gzip',
21 silly get     'content-length': '2664',
21 silly get     'accept-ranges': 'bytes',
21 silly get     date: 'Sat, 23 Dec 2017 04:18:06 GMT',
21 silly get     via: '1.1 varnish',
21 silly get     age: '0',
21 silly get     connection: 'keep-alive',
21 silly get     'x-served-by': 'cache-lax8635-LAX',
21 silly get     'x-cache': 'MISS',
21 silly get     'x-cache-hits': '0',
21 silly get     'x-timer': 'S1514002686.117153,VS0,VE207',
21 silly get     vary: 'Accept-Encoding, Accept' } ]
22 verbose get saving startbootstrap-creative to /home/zeroxys/.npm/registry.npmjs.org/startbootstrap-creative/.cache.json
23 verbose correctMkdir /home/zeroxys/.npm correctMkdir not in flight; initializing
24 silly install normalizeTree
25 silly loadCurrentTree Finishing
26 silly loadIdealTree Starting
27 silly install loadIdealTree
28 silly cloneCurrentTree Starting
29 silly install cloneCurrentTreeToIdealTree
30 silly cloneCurrentTree Finishing
31 silly loadShrinkwrap Starting
32 silly install loadShrinkwrap
33 silly loadShrinkwrap Finishing
34 silly loadAllDepsIntoIdealTree Starting
35 silly install loadAllDepsIntoIdealTree
36 silly rollbackFailedOptional Starting
37 silly rollbackFailedOptional Finishing
38 silly runTopLevelLifecycles Finishing
39 silly install printInstalled
40 verbose stack Error: Refusing to install package with name "startbootstrap-creative" under a package
40 verbose stack also called "startbootstrap-creative". Did you name your project the same
40 verbose stack as the dependency you're installing?
40 verbose stack
40 verbose stack For more information, see:
40 verbose stack     <https://docs.npmjs.com/cli/install#limitations-of-npms-install-algorithm>
40 verbose stack     at checkSelf (/home/zeroxys/.nvm/versions/node/v7.7.0/lib/node_modules/npm/lib/install/validate-args.js:53:14)
40 verbose stack     at Array.<anonymous> (/home/zeroxys/.nvm/versions/node/v7.7.0/lib/node_modules/npm/node_modules/slide/lib/bind-actor.js:15:8)
40 verbose stack     at LOOP (/home/zeroxys/.nvm/versions/node/v7.7.0/lib/node_modules/npm/node_modules/slide/lib/chain.js:15:14)
40 verbose stack     at chain (/home/zeroxys/.nvm/versions/node/v7.7.0/lib/node_modules/npm/node_modules/slide/lib/chain.js:20:5)
40 verbose stack     at /home/zeroxys/.nvm/versions/node/v7.7.0/lib/node_modules/npm/lib/install/validate-args.js:16:5
40 verbose stack     at /home/zeroxys/.nvm/versions/node/v7.7.0/lib/node_modules/npm/node_modules/slide/lib/async-map.js:52:35
40 verbose stack     at Array.forEach (native)
40 verbose stack     at /home/zeroxys/.nvm/versions/node/v7.7.0/lib/node_modules/npm/node_modules/slide/lib/async-map.js:52:11
40 verbose stack     at Array.forEach (native)
40 verbose stack     at asyncMap (/home/zeroxys/.nvm/versions/node/v7.7.0/lib/node_modules/npm/node_modules/slide/lib/async-map.js:51:8)
41 verbose cwd /home/zeroxys/Dev/bertruy
42 error Linux 4.10.0-42-generic
43 error argv "/home/zeroxys/.nvm/versions/node/v7.7.0/bin/node" "/home/zeroxys/.nvm/versions/node/v7.7.0/bin/npm" "install" "startbootstrap-creative"
44 error node v7.7.0
45 error npm  v4.1.2
46 error code ENOSELF
47 error Refusing to install package with name "startbootstrap-creative" under a package
47 error also called "startbootstrap-creative". Did you name your project the same
47 error as the dependency you're installing?
47 error
47 error For more information, see:
47 error     <https://docs.npmjs.com/cli/install#limitations-of-npms-install-algorithm>
48 error If you need help, you may report this error at:
48 error     <https://github.com/npm/npm/issues>
49 verbose exit [ 1, true ]
